Using pre-set license
Built from '2020.3/staging' branch; Version is '2020.3.5f1 (8095aa901b9b) revision 8426922'; Using compiler version '192528614'; Build Type 'Release'
OS: 'Windows 10 Home; OS build 19043.1023; Version 2009; 64bit' Language: 'en' Physical Memory: 32711 MB
BatchMode: 1, IsHumanControllingUs: 0, StartBugReporterOnCrash: 0, Is64bit: 1, IsPro: 0

 COMMAND LINE ARGUMENTS:
C:\Program Files\Unity\Hub\Editor\2020.3.5f1\Editor\Unity.exe
-adb2
-batchMode
-noUpm
-name
AssetImportWorker0
-projectPath
C:/Users/pinkp/Documents/gitHubRepos/Scripting-Random/project1
-logFile
Logs/AssetImportWorker0.log
-srvPort
54376
Successfully changed project path to: C:/Users/pinkp/Documents/gitHubRepos/Scripting-Random/project1
C:/Users/pinkp/Documents/gitHubRepos/Scripting-Random/project1
Using Asset Import Pipeline V2.
Refreshing native plugins compatible for Editor in 30.56 ms, found 0 plugins.
Preloading 0 native plugins for Editor in 0.00 ms.
Initialize engine version: 2020.3.5f1 (8095aa901b9b)
[Subsystems] Discovering subsystems at path C:/Program Files/Unity/Hub/Editor/2020.3.5f1/Editor/Data/Resources/UnitySubsystems
[Subsystems] Discovering subsystems at path C:/Users/pinkp/Documents/gitHubRepos/Scripting-Random/project1/Assets
GfxDevice: creating device client; threaded=0
Direct3D:
    Version:  Direct3D 11.0 [level 11.1]
    Renderer: NVIDIA GeForce GTX 1650 (ID=0x1f82)
    Vendor:   
    VRAM:     3962 MB
    Driver:   27.21.14.5671
Initialize mono
Mono path[0] = 'C:/Program Files/Unity/Hub/Editor/2020.3.5f1/Editor/Data/Managed'
Mono path[1] = 'C:/Program Files/Unity/Hub/Editor/2020.3.5f1/Editor/Data/MonoBleedingEdge/lib/mono/unityjit'
Mono config path = 'C:/Program Files/Unity/Hub/Editor/2020.3.5f1/Editor/Data/MonoBleedingEdge/etc'
Using monoOptions --debugger-agent=transport=dt_socket,embedding=1,server=y,suspend=n,address=127.0.0.1:56984
Begin MonoManager ReloadAssembly
Registering precompiled unity dll's ...
Register platform support module: C:/Program Files/Unity/Hub/Editor/2020.3.5f1/Editor/Data/PlaybackEngines/WindowsStandaloneSupport/UnityEditor.WindowsStandalone.Extensions.dll
Registered in 0.001584 seconds.
Native extension for WindowsStandalone target not found
Refreshing native plugins compatible for Editor in 26.24 ms, found 0 plugins.
Preloading 0 native plugins for Editor in 0.00 ms.
Mono: successfully reloaded assembly
- Completed reload, in  0.727 seconds
Platform modules already initialized, skipping
Registering precompiled user dll's ...
Registered in 0.002081 seconds.
Begin MonoManager ReloadAssembly
Native extension for WindowsStandalone target not found
Refreshing native plugins compatible for Editor in 0.40 ms, found 0 plugins.
Preloading 0 native plugins for Editor in 0.00 ms.
Mono: successfully reloaded assembly
- Completed reload, in  0.634 seconds
Platform modules already initialized, skipping
========================================================================
Worker process is ready to serve import requests
Launched and connected shader compiler UnityShaderCompiler.exe after 0.03 seconds
Refreshing native plugins compatible for Editor in 0.39 ms, found 0 plugins.
Preloading 0 native plugins for Editor in 0.00 ms.
Unloading 1608 Unused Serialized files (Serialized files now loaded: 0)
System memory in use before: 72.6 MB.
System memory in use after: 72.6 MB.

Unloading 35 unused Assets to reduce memory usage. Loaded Objects now: 2044.
Total: 1.947500 ms (FindLiveObjects: 0.171900 ms CreateObjectMapping: 0.058200 ms MarkObjects: 1.667000 ms  DeleteObjects: 0.049600 ms)

========================================================================
Received Import Request.
  path: Assets/shipObj.mtl
  artifactKey: Guid(b39696c0b03738b4fb2dda88608f57d2) Importer(815301076,1909f56bfc062723c751e8b465ee728b)
Start importing Assets/shipObj.mtl using Guid(b39696c0b03738b4fb2dda88608f57d2) Importer(815301076,1909f56bfc062723c751e8b465ee728b)  -> (artifact id: '1053cfe8ae4007b310aa0b729d710bd0') in 0.021576 seconds
  Import took 0.023597 seconds .

========================================================================
Received Import Request.
  Time since last request: 41.026161 seconds.
  path: Assets/shipFBX.fbx
  artifactKey: Guid(9b1fd36fe1095104a9e7ada14f0e1cb8) Importer(815301076,1909f56bfc062723c751e8b465ee728b)
Start importing Assets/shipFBX.fbx using Guid(9b1fd36fe1095104a9e7ada14f0e1cb8) Importer(815301076,1909f56bfc062723c751e8b465ee728b)  -> (artifact id: '72ff19d1770abcdf338b221546011bd3') in 0.270685 seconds
  Import took 0.273289 seconds .

========================================================================
Received Import Request.
  Time since last request: 238.728493 seconds.
  path: Assets/prefabs/crystal_box.prefab
  artifactKey: Guid(8aa2cf589b016d24ab204f08fc8ea48e) Importer(815301076,1909f56bfc062723c751e8b465ee728b)
Start importing Assets/prefabs/crystal_box.prefab using Guid(8aa2cf589b016d24ab204f08fc8ea48e) Importer(815301076,1909f56bfc062723c751e8b465ee728b)  -> (artifact id: 'b50a044e4bec2518902cff5f9fda5dca') in 0.035854 seconds
  Import took 0.038534 seconds .

========================================================================
Received Import Request.
  Time since last request: 0.000284 seconds.
  path: Assets/prefabs/steel_box.prefab
  artifactKey: Guid(d40fdeda1ee5f284a9e61d303c8d4ee5) Importer(815301076,1909f56bfc062723c751e8b465ee728b)
Start importing Assets/prefabs/steel_box.prefab using Guid(d40fdeda1ee5f284a9e61d303c8d4ee5) Importer(815301076,1909f56bfc062723c751e8b465ee728b)  -> (artifact id: '686de84bc9b36a84edf24609c80f63f6') in 0.014405 seconds
  Import took 0.016341 seconds .

========================================================================
Received Import Request.
  Time since last request: 0.000263 seconds.
  path: Assets/prefabs/robot.prefab
  artifactKey: Guid(0d27e746ef0cd7f47aac03ae50044c15) Importer(815301076,1909f56bfc062723c751e8b465ee728b)
Start importing Assets/prefabs/robot.prefab using Guid(0d27e746ef0cd7f47aac03ae50044c15) Importer(815301076,1909f56bfc062723c751e8b465ee728b)  -> (artifact id: '788d6bd4e5864b6aee43fe660cb43f44') in 0.016998 seconds
  Import took 0.019054 seconds .

========================================================================
Received Import Request.
  Time since last request: 0.000254 seconds.
  path: Assets/prefabs/wooden box.prefab
  artifactKey: Guid(38a403929e2b6b845832fe63ce53456f) Importer(815301076,1909f56bfc062723c751e8b465ee728b)
Start importing Assets/prefabs/wooden box.prefab using Guid(38a403929e2b6b845832fe63ce53456f) Importer(815301076,1909f56bfc062723c751e8b465ee728b)  -> (artifact id: '5342036ccc89831b1ba6231727d579b1') in 0.009869 seconds
  Import took 0.011861 seconds .

========================================================================
Received Import Request.
  Time since last request: 0.002600 seconds.
  path: Assets/prefabs/wooden box.prefab
  artifactKey: Guid(38a403929e2b6b845832fe63ce53456f) Importer(815301076,1909f56bfc062723c751e8b465ee728b)
Start importing Assets/prefabs/wooden box.prefab using Guid(38a403929e2b6b845832fe63ce53456f) Importer(815301076,1909f56bfc062723c751e8b465ee728b)  -> (artifact id: '5342036ccc89831b1ba6231727d579b1') in 0.008975 seconds
  Import took 0.011132 seconds .

========================================================================
Received Import Request.
  Time since last request: 7.713219 seconds.
  path: Assets/prefabs/shipFBX.prefab
  artifactKey: Guid(7f7aa2e52587dd547a1a1c80e3a2434d) Importer(815301076,1909f56bfc062723c751e8b465ee728b)
Start importing Assets/prefabs/shipFBX.prefab using Guid(7f7aa2e52587dd547a1a1c80e3a2434d) Importer(815301076,1909f56bfc062723c751e8b465ee728b)  -> (artifact id: '0596ef44bec0da3763d18eb7fc7a04b0') in 0.015016 seconds
  Import took 0.017900 seconds .

========================================================================
Received Import Request.
  Time since last request: 34.199240 seconds.
  path: Assets/materials/maya materal maps/box metal
  artifactKey: Guid(9a1f762c309d8854989f45f0772f9599) Importer(815301076,1909f56bfc062723c751e8b465ee728b)
Start importing Assets/materials/maya materal maps/box metal using Guid(9a1f762c309d8854989f45f0772f9599) Importer(815301076,1909f56bfc062723c751e8b465ee728b)  -> (artifact id: 'eb88677e636f6be9e2e03bad1bcaab99') in 0.001850 seconds
  Import took 0.003866 seconds .

========================================================================
Received Import Request.
  Time since last request: 51.918013 seconds.
  path: Assets/materials/maya materal maps/colored metal
  artifactKey: Guid(6f12f1234b9f6fe41bea15ad97583cca) Importer(815301076,1909f56bfc062723c751e8b465ee728b)
Start importing Assets/materials/maya materal maps/colored metal using Guid(6f12f1234b9f6fe41bea15ad97583cca) Importer(815301076,1909f56bfc062723c751e8b465ee728b)  -> (artifact id: '121af070060205b675616ca89a295ed2') in 0.001912 seconds
  Import took 0.003982 seconds .

========================================================================
Received Import Request.
  Time since last request: 14.906611 seconds.
  path: Assets/materials/maya materal maps/dark metal
  artifactKey: Guid(832c79140039ca24d96040ca687f7277) Importer(815301076,1909f56bfc062723c751e8b465ee728b)
Start importing Assets/materials/maya materal maps/dark metal using Guid(832c79140039ca24d96040ca687f7277) Importer(815301076,1909f56bfc062723c751e8b465ee728b)  -> (artifact id: 'c415abff443555fd894f7140e00a37d9') in 0.001875 seconds
  Import took 0.004008 seconds .

========================================================================
Received Import Request.
  Time since last request: 10.235064 seconds.
  path: Assets/materials/maya materal maps/flat color
  artifactKey: Guid(bf72c4df8da245a4f8433baff23dae03) Importer(815301076,1909f56bfc062723c751e8b465ee728b)
Start importing Assets/materials/maya materal maps/flat color using Guid(bf72c4df8da245a4f8433baff23dae03) Importer(815301076,1909f56bfc062723c751e8b465ee728b)  -> (artifact id: 'f8108fb24b4abc932be81c40b6a325f2') in 0.001902 seconds
  Import took 0.004135 seconds .

========================================================================
Received Import Request.
  Time since last request: 11.356668 seconds.
  path: Assets/materials/maya materal maps/Glowcrystal
  artifactKey: Guid(18cc048368b71c24f8b23592ba5a0895) Importer(815301076,1909f56bfc062723c751e8b465ee728b)
Start importing Assets/materials/maya materal maps/Glowcrystal using Guid(18cc048368b71c24f8b23592ba5a0895) Importer(815301076,1909f56bfc062723c751e8b465ee728b)  -> (artifact id: '0b5270b5790eb936b01ab6039786de89') in 0.002162 seconds
  Import took 0.004247 seconds .

========================================================================
Received Import Request.
  Time since last request: 26.956838 seconds.
  path: Assets/materials/maya materal maps/robot metal
  artifactKey: Guid(480e784d8fd9aad44aec295d0f737c27) Importer(815301076,1909f56bfc062723c751e8b465ee728b)
Start importing Assets/materials/maya materal maps/robot metal using Guid(480e784d8fd9aad44aec295d0f737c27) Importer(815301076,1909f56bfc062723c751e8b465ee728b)  -> (artifact id: 'f7b492bc5921ad84a374289c4916cb38') in 0.002191 seconds
  Import took 0.004390 seconds .

========================================================================
Received Import Request.
  Time since last request: 12.161422 seconds.
  path: Assets/materials/maya materal maps/see through crystal
  artifactKey: Guid(1c82eb26c97888d4e86e5a258d64f8ef) Importer(815301076,1909f56bfc062723c751e8b465ee728b)
Start importing Assets/materials/maya materal maps/see through crystal using Guid(1c82eb26c97888d4e86e5a258d64f8ef) Importer(815301076,1909f56bfc062723c751e8b465ee728b)  -> (artifact id: 'b8dfb23454e5ad77b0385be8100e1a76') in 0.002190 seconds
  Import took 0.004517 seconds .

========================================================================
Received Import Request.
  Time since last request: 13.531916 seconds.
  path: Assets/materials/maya materal maps/2x wood
  artifactKey: Guid(f053118e693fdc2418044f9ec4d1a8af) Importer(815301076,1909f56bfc062723c751e8b465ee728b)
Start importing Assets/materials/maya materal maps/2x wood using Guid(f053118e693fdc2418044f9ec4d1a8af) Importer(815301076,1909f56bfc062723c751e8b465ee728b)  -> (artifact id: '7693610cb238f3b68ac5e7b3c816a872') in 0.002160 seconds
  Import took 0.004175 seconds .

========================================================================
Received Import Request.
  Time since last request: 32.798055 seconds.
  path: Assets/materials/maya materal maps/crystals 2x
  artifactKey: Guid(1c82eb26c97888d4e86e5a258d64f8ef) Importer(815301076,1909f56bfc062723c751e8b465ee728b)
Start importing Assets/materials/maya materal maps/crystals 2x using Guid(1c82eb26c97888d4e86e5a258d64f8ef) Importer(815301076,1909f56bfc062723c751e8b465ee728b)  -> (artifact id: 'ee86a8bd0a9b33d0c9fff77f69df4383') in 0.002719 seconds
  Import took 0.010038 seconds .

========================================================================
Received Import Request.
  Time since last request: 52.444815 seconds.
  path: Assets/materials/maya materal maps/props data
  artifactKey: Guid(6999608ccb6774b42992597d6f94aaba) Importer(815301076,1909f56bfc062723c751e8b465ee728b)
Start importing Assets/materials/maya materal maps/props data using Guid(6999608ccb6774b42992597d6f94aaba) Importer(815301076,1909f56bfc062723c751e8b465ee728b)  -> (artifact id: '58cbdb9e5fd085a8eb896b551170cac3') in 0.002706 seconds
  Import took 0.004900 seconds .

========================================================================
Received Import Request.
  Time since last request: 16.107809 seconds.
  path: Assets/materials/maya materal maps/ship data
  artifactKey: Guid(e1d365aec4d4bb2449ad34a6721584ea) Importer(815301076,1909f56bfc062723c751e8b465ee728b)
Start importing Assets/materials/maya materal maps/ship data using Guid(e1d365aec4d4bb2449ad34a6721584ea) Importer(815301076,1909f56bfc062723c751e8b465ee728b)  -> (artifact id: 'ef9f8b2239f85946b2d3c3a9a828361b') in 0.002681 seconds
  Import took 0.004742 seconds .

========================================================================
Received Import Request.
  Time since last request: 50.190012 seconds.
  path: Assets/materials/maya materal maps/ship data/shipFBX_blue_yellow_BaseMap.png
  artifactKey: Guid(709ae88fc75be7e499b41a54190d98ed) Importer(815301076,1909f56bfc062723c751e8b465ee728b)
Start importing Assets/materials/maya materal maps/ship data/shipFBX_blue_yellow_BaseMap.png using Guid(709ae88fc75be7e499b41a54190d98ed) Importer(815301076,1909f56bfc062723c751e8b465ee728b)  -> (artifact id: '7205629142816106f91cd20679230914') in 0.033417 seconds
  Import took 0.035873 seconds .

========================================================================
Received Import Request.
  Time since last request: 0.000248 seconds.
  path: Assets/materials/maya materal maps/ship data/shipFBX_blue_yellow_MaskMap.png
  artifactKey: Guid(29a944f706600a348af02169f7ec7431) Importer(815301076,1909f56bfc062723c751e8b465ee728b)
Start importing Assets/materials/maya materal maps/ship data/shipFBX_blue_yellow_MaskMap.png using Guid(29a944f706600a348af02169f7ec7431) Importer(815301076,1909f56bfc062723c751e8b465ee728b)  -> (artifact id: 'bde8844140c34e8ad126aa77331d9ed2') in 0.017763 seconds
  Import took 0.020313 seconds .

========================================================================
Received Import Request.
  Time since last request: 0.000192 seconds.
  path: Assets/materials/maya materal maps/ship data/shipFBX_glass_Normal.png
  artifactKey: Guid(aa7fccd6949b8eb4ba06e1d26221bf67) Importer(815301076,1909f56bfc062723c751e8b465ee728b)
Start importing Assets/materials/maya materal maps/ship data/shipFBX_glass_Normal.png using Guid(aa7fccd6949b8eb4ba06e1d26221bf67) Importer(815301076,1909f56bfc062723c751e8b465ee728b)  -> (artifact id: '3a326f33d61394c5b478b060180bc119') in 0.010139 seconds
  Import took 0.011552 seconds .

========================================================================
Received Import Request.
  Time since last request: 0.000217 seconds.
  path: Assets/materials/maya materal maps/ship data/shipFBX_tailPipe_MaskMap.png
  artifactKey: Guid(aaa45cc2fe936b8458fccfcd0c98ce05) Importer(815301076,1909f56bfc062723c751e8b465ee728b)
Start importing Assets/materials/maya materal maps/ship data/shipFBX_tailPipe_MaskMap.png using Guid(aaa45cc2fe936b8458fccfcd0c98ce05) Importer(815301076,1909f56bfc062723c751e8b465ee728b)  -> (artifact id: '336df5b2f9a0d23f50af9f264bc664d5') in 0.012376 seconds
  Import took 0.013737 seconds .

========================================================================
Received Import Request.
  Time since last request: 0.000226 seconds.
  path: Assets/materials/maya materal maps/ship data/shipFBX_lambert1_Normal.png
  artifactKey: Guid(6526fdf018ee03243b819b4d9e551184) Importer(815301076,1909f56bfc062723c751e8b465ee728b)
Start importing Assets/materials/maya materal maps/ship data/shipFBX_lambert1_Normal.png using Guid(6526fdf018ee03243b819b4d9e551184) Importer(815301076,1909f56bfc062723c751e8b465ee728b)  -> (artifact id: '1faf32f3de058178221f24370a43fb53') in 0.010265 seconds
  Import took 0.011829 seconds .

========================================================================
Received Import Request.
  Time since last request: 0.000184 seconds.
  path: Assets/materials/maya materal maps/ship data/shipFBX_innerbits_MaskMap.png
  artifactKey: Guid(afed15c15e167ef4181c11f56f9e24cf) Importer(815301076,1909f56bfc062723c751e8b465ee728b)
Start importing Assets/materials/maya materal maps/ship data/shipFBX_innerbits_MaskMap.png using Guid(afed15c15e167ef4181c11f56f9e24cf) Importer(815301076,1909f56bfc062723c751e8b465ee728b)  -> (artifact id: 'a8a97fc9dcb29cef017246456ada30f1') in 0.010753 seconds
  Import took 0.012229 seconds .

========================================================================
Received Import Request.
  Time since last request: 0.000208 seconds.
  path: Assets/materials/maya materal maps/ship data/shipFBX_tailPipe_Normal.png
  artifactKey: Guid(d9dfbc20f19ebbd45bc423ee573d4aad) Importer(815301076,1909f56bfc062723c751e8b465ee728b)
Start importing Assets/materials/maya materal maps/ship data/shipFBX_tailPipe_Normal.png using Guid(d9dfbc20f19ebbd45bc423ee573d4aad) Importer(815301076,1909f56bfc062723c751e8b465ee728b)  -> (artifact id: '5e8d7c2881607730e17e88f3e054625c') in 0.011603 seconds
  Import took 0.013400 seconds .

========================================================================
Received Import Request.
  Time since last request: 0.000207 seconds.
  path: Assets/materials/maya materal maps/ship data/shipFBX_dull_gray_metal_Normal.png
  artifactKey: Guid(a0dc4da205f530b4f962ea5b1642f339) Importer(815301076,1909f56bfc062723c751e8b465ee728b)
Start importing Assets/materials/maya materal maps/ship data/shipFBX_dull_gray_metal_Normal.png using Guid(a0dc4da205f530b4f962ea5b1642f339) Importer(815301076,1909f56bfc062723c751e8b465ee728b)  -> (artifact id: '9aec36f2c614b129687bcb5329d53b27') in 0.021156 seconds
  Import took 0.023030 seconds .

========================================================================
Received Import Request.
  Time since last request: 0.000243 seconds.
  path: Assets/materials/maya materal maps/ship data/shipFBX_bumps_MaskMap.png
  artifactKey: Guid(6011a8b38680cba408468df236bb1fa5) Importer(815301076,1909f56bfc062723c751e8b465ee728b)
Start importing Assets/materials/maya materal maps/ship data/shipFBX_bumps_MaskMap.png using Guid(6011a8b38680cba408468df236bb1fa5) Importer(815301076,1909f56bfc062723c751e8b465ee728b)  -> (artifact id: 'a16c7185b7a75c3c1de8b2a2ae702d51') in 0.011086 seconds
  Import took 0.012993 seconds .

========================================================================
Received Import Request.
  Time since last request: 0.000187 seconds.
  path: Assets/materials/maya materal maps/ship data/shipFBX_lambert1_BaseMap.png
  artifactKey: Guid(7109bc5a51979ca44832c3e92e3b51ca) Importer(815301076,1909f56bfc062723c751e8b465ee728b)
Start importing Assets/materials/maya materal maps/ship data/shipFBX_lambert1_BaseMap.png using Guid(7109bc5a51979ca44832c3e92e3b51ca) Importer(815301076,1909f56bfc062723c751e8b465ee728b)  -> (artifact id: '4c2ba557de832ef6a416483a05d29965') in 0.007075 seconds
  Import took 0.008715 seconds .

========================================================================
Received Import Request.
  Time since last request: 0.000217 seconds.
  path: Assets/materials/maya materal maps/ship data/shipFBX_bumps_BaseMap.png
  artifactKey: Guid(29feea85b0ee6e9448ed2430fffb1131) Importer(815301076,1909f56bfc062723c751e8b465ee728b)
Start importing Assets/materials/maya materal maps/ship data/shipFBX_bumps_BaseMap.png using Guid(29feea85b0ee6e9448ed2430fffb1131) Importer(815301076,1909f56bfc062723c751e8b465ee728b)  -> (artifact id: 'd5d9dbd94d22195b1af37358f927c9ec') in 0.008576 seconds
  Import took 0.010129 seconds .

========================================================================
Received Import Request.
  Time since last request: 0.000209 seconds.
  path: Assets/materials/maya materal maps/ship data/shipFBX_dull_gray_metal_BaseMap.png
  artifactKey: Guid(12a9777ae25557b45b620cc986369d3b) Importer(815301076,1909f56bfc062723c751e8b465ee728b)
Start importing Assets/materials/maya materal maps/ship data/shipFBX_dull_gray_metal_BaseMap.png using Guid(12a9777ae25557b45b620cc986369d3b) Importer(815301076,1909f56bfc062723c751e8b465ee728b)  -> (artifact id: 'cc2d4578c568e0c21ee28121e95d6792') in 0.008990 seconds
  Import took 0.010498 seconds .

========================================================================
Received Import Request.
  Time since last request: 0.000201 seconds.
  path: Assets/materials/maya materal maps/ship data/shipFBX_lambert1_MaskMap.png
  artifactKey: Guid(137463e21829196469b75abb3b04c684) Importer(815301076,1909f56bfc062723c751e8b465ee728b)
Start importing Assets/materials/maya materal maps/ship data/shipFBX_lambert1_MaskMap.png using Guid(137463e21829196469b75abb3b04c684) Importer(815301076,1909f56bfc062723c751e8b465ee728b)  -> (artifact id: 'b640b638143013446dd337ed7895f04f') in 0.008348 seconds
  Import took 0.009848 seconds .

========================================================================
Received Import Request.
  Time since last request: 0.000173 seconds.
  path: Assets/materials/maya materal maps/ship data/shipFBX_dull_gray_metal_MaskMap.png
  artifactKey: Guid(bbba07f4b4694754c81c5a559218f5e4) Importer(815301076,1909f56bfc062723c751e8b465ee728b)
Start importing Assets/materials/maya materal maps/ship data/shipFBX_dull_gray_metal_MaskMap.png using Guid(bbba07f4b4694754c81c5a559218f5e4) Importer(815301076,1909f56bfc062723c751e8b465ee728b)  -> (artifact id: 'c3a819057f07657fa03dfe3d36dbe205') in 0.010258 seconds
  Import took 0.011842 seconds .

========================================================================
Received Import Request.
  Time since last request: 0.000160 seconds.
  path: Assets/materials/maya materal maps/ship data/shipFBX_innerbits_BaseMap.png
  artifactKey: Guid(fabb1480b52049d4f87841de6e5ee2fc) Importer(815301076,1909f56bfc062723c751e8b465ee728b)
Start importing Assets/materials/maya materal maps/ship data/shipFBX_innerbits_BaseMap.png using Guid(fabb1480b52049d4f87841de6e5ee2fc) Importer(815301076,1909f56bfc062723c751e8b465ee728b)  -> (artifact id: 'dc387b617e54ec2d0ddb7fdc9f42dacd') in 0.008057 seconds
  Import took 0.009508 seconds .

========================================================================
Received Import Request.
  Time since last request: 0.000174 seconds.
  path: Assets/materials/maya materal maps/ship data/shipFBX_glass_BaseMap.png
  artifactKey: Guid(4d5a6108cecb30e46af7c42f2ff16178) Importer(815301076,1909f56bfc062723c751e8b465ee728b)
Start importing Assets/materials/maya materal maps/ship data/shipFBX_glass_BaseMap.png using Guid(4d5a6108cecb30e46af7c42f2ff16178) Importer(815301076,1909f56bfc062723c751e8b465ee728b)  -> (artifact id: '7ea5ba4aa5c269c88e7b90cad0e7f16a') in 0.008368 seconds
  Import took 0.009684 seconds .

========================================================================
Received Import Request.
  Time since last request: 0.000204 seconds.
  path: Assets/materials/maya materal maps/ship data/shipFBX_tailPipe_BaseMap.png
  artifactKey: Guid(57681e46bf8d2484e92f4556fd4439f7) Importer(815301076,1909f56bfc062723c751e8b465ee728b)
Start importing Assets/materials/maya materal maps/ship data/shipFBX_tailPipe_BaseMap.png using Guid(57681e46bf8d2484e92f4556fd4439f7) Importer(815301076,1909f56bfc062723c751e8b465ee728b)  -> (artifact id: 'cea3ad541de2797a6f7a27f298019ab9') in 0.008636 seconds
  Import took 0.009986 seconds .

========================================================================
Received Import Request.
  Time since last request: 0.000207 seconds.
  path: Assets/materials/maya materal maps/ship data/shipFBX_innerbits_Normal.png
  artifactKey: Guid(e574f2f6ee94b684c9dcf238c14809cc) Importer(815301076,1909f56bfc062723c751e8b465ee728b)
Start importing Assets/materials/maya materal maps/ship data/shipFBX_innerbits_Normal.png using Guid(e574f2f6ee94b684c9dcf238c14809cc) Importer(815301076,1909f56bfc062723c751e8b465ee728b)  -> (artifact id: 'fe81ce4c631334d213ad50746e394e65') in 0.009232 seconds
  Import took 0.011273 seconds .

========================================================================
Received Import Request.
  Time since last request: 0.000214 seconds.
  path: Assets/materials/maya materal maps/ship data/shipFBX_blue_yellow_Normal.png
  artifactKey: Guid(de57da63e6c51e542a8b8d587eb60b9f) Importer(815301076,1909f56bfc062723c751e8b465ee728b)
Start importing Assets/materials/maya materal maps/ship data/shipFBX_blue_yellow_Normal.png using Guid(de57da63e6c51e542a8b8d587eb60b9f) Importer(815301076,1909f56bfc062723c751e8b465ee728b)  -> (artifact id: '041ecb1f9b2ddade68b47ad2f75b909d') in 0.011831 seconds
  Import took 0.014366 seconds .

========================================================================
Received Import Request.
  Time since last request: 0.000287 seconds.
  path: Assets/materials/maya materal maps/ship data/shipFBX_glass_MaskMap.png
  artifactKey: Guid(468a80517ba4513499494f53c7ce54b3) Importer(815301076,1909f56bfc062723c751e8b465ee728b)
Start importing Assets/materials/maya materal maps/ship data/shipFBX_glass_MaskMap.png using Guid(468a80517ba4513499494f53c7ce54b3) Importer(815301076,1909f56bfc062723c751e8b465ee728b)  -> (artifact id: 'b7acb02312b2defc2381ee0ff150cd74') in 0.011095 seconds
  Import took 0.013202 seconds .

========================================================================
Received Import Request.
  Time since last request: 0.000220 seconds.
  path: Assets/materials/maya materal maps/ship data/shipFBX_bumps_Normal.png
  artifactKey: Guid(dfb27de1ba2bc7a41b5f7c78e16a2f76) Importer(815301076,1909f56bfc062723c751e8b465ee728b)
Start importing Assets/materials/maya materal maps/ship data/shipFBX_bumps_Normal.png using Guid(dfb27de1ba2bc7a41b5f7c78e16a2f76) Importer(815301076,1909f56bfc062723c751e8b465ee728b)  -> (artifact id: '035d1174a93fed2e0048adb75b43fcaa') in 0.009881 seconds
  Import took 0.012003 seconds .

========================================================================
Received Import Request.
  Time since last request: 19.448438 seconds.
  path: Assets/materials/maya materal maps/ship data/blue_yellow_BaseMap.png
  artifactKey: Guid(709ae88fc75be7e499b41a54190d98ed) Importer(815301076,1909f56bfc062723c751e8b465ee728b)
Start importing Assets/materials/maya materal maps/ship data/blue_yellow_BaseMap.png using Guid(709ae88fc75be7e499b41a54190d98ed) Importer(815301076,1909f56bfc062723c751e8b465ee728b)  -> (artifact id: '2069364234cea6bad9a681251c867213') in 0.014338 seconds
  Import took 0.016650 seconds .

========================================================================
Received Import Request.
  Time since last request: 70.409527 seconds.
  path: Assets/materials/maya materal maps/ship data/blue_yellow_MaskMap.png
  artifactKey: Guid(29a944f706600a348af02169f7ec7431) Importer(815301076,1909f56bfc062723c751e8b465ee728b)
Start importing Assets/materials/maya materal maps/ship data/blue_yellow_MaskMap.png using Guid(29a944f706600a348af02169f7ec7431) Importer(815301076,1909f56bfc062723c751e8b465ee728b)  -> (artifact id: '3ffc3f0c201692f68c339fde91bbeef5') in 0.028939 seconds
  Import took 0.032398 seconds .

========================================================================
Received Import Request.
  Time since last request: 7.043288 seconds.
  path: Assets/materials/maya materal maps/ship data/blue_yellow_Normal.png
  artifactKey: Guid(de57da63e6c51e542a8b8d587eb60b9f) Importer(815301076,1909f56bfc062723c751e8b465ee728b)
Start importing Assets/materials/maya materal maps/ship data/blue_yellow_Normal.png using Guid(de57da63e6c51e542a8b8d587eb60b9f) Importer(815301076,1909f56bfc062723c751e8b465ee728b)  -> (artifact id: '0b69fb1f8569332db3fc17692a4aa227') in 0.025354 seconds
  Import took 0.027676 seconds .

========================================================================
Received Import Request.
  Time since last request: 5.933660 seconds.
  path: Assets/materials/maya materal maps/ship data/bumps_BaseMap.png
  artifactKey: Guid(29feea85b0ee6e9448ed2430fffb1131) Importer(815301076,1909f56bfc062723c751e8b465ee728b)
Start importing Assets/materials/maya materal maps/ship data/bumps_BaseMap.png using Guid(29feea85b0ee6e9448ed2430fffb1131) Importer(815301076,1909f56bfc062723c751e8b465ee728b)  -> (artifact id: '1c337b14ac66940b7a627ef86e0d6a93') in 0.018861 seconds
  Import took 0.021074 seconds .

========================================================================
Received Import Request.
  Time since last request: 45.262220 seconds.
  path: Assets/materials/maya materal maps/ship data/blueYel BaseMap.png
  artifactKey: Guid(709ae88fc75be7e499b41a54190d98ed) Importer(815301076,1909f56bfc062723c751e8b465ee728b)
Start importing Assets/materials/maya materal maps/ship data/blueYel BaseMap.png using Guid(709ae88fc75be7e499b41a54190d98ed) Importer(815301076,1909f56bfc062723c751e8b465ee728b)  -> (artifact id: '68c34c4ee82ae104c4de67c2ba215b5d') in 0.012026 seconds
  Import took 0.014316 seconds .

========================================================================
Received Import Request.
  Time since last request: 31.529968 seconds.
  path: Assets/materials/maya materal maps/ship data/blueYel_MaskMap.png
  artifactKey: Guid(29a944f706600a348af02169f7ec7431) Importer(815301076,1909f56bfc062723c751e8b465ee728b)
Start importing Assets/materials/maya materal maps/ship data/blueYel_MaskMap.png using Guid(29a944f706600a348af02169f7ec7431) Importer(815301076,1909f56bfc062723c751e8b465ee728b)  -> (artifact id: '56fddeb56bb2878776e0221ea5c72a70') in 0.025524 seconds
  Import took 0.028476 seconds .

========================================================================
Received Import Request.
  Time since last request: 11.267526 seconds.
  path: Assets/materials/maya materal maps/ship data/blueYel_Normal.png
  artifactKey: Guid(de57da63e6c51e542a8b8d587eb60b9f) Importer(815301076,1909f56bfc062723c751e8b465ee728b)
Start importing Assets/materials/maya materal maps/ship data/blueYel_Normal.png using Guid(de57da63e6c51e542a8b8d587eb60b9f) Importer(815301076,1909f56bfc062723c751e8b465ee728b)  -> (artifact id: 'fe83ae2dc8cba7455e32426de747f1df') in 0.015739 seconds
  Import took 0.018277 seconds .

========================================================================
Received Import Request.
  Time since last request: 18.760919 seconds.
  path: Assets/materials/maya materal maps/ship data/bumps_MaskMap.png
  artifactKey: Guid(6011a8b38680cba408468df236bb1fa5) Importer(815301076,1909f56bfc062723c751e8b465ee728b)
Start importing Assets/materials/maya materal maps/ship data/bumps_MaskMap.png using Guid(6011a8b38680cba408468df236bb1fa5) Importer(815301076,1909f56bfc062723c751e8b465ee728b)  -> (artifact id: '393c3614b2ac218c623adacdee06c029') in 0.024406 seconds
  Import took 0.026977 seconds .

========================================================================
Received Import Request.
  Time since last request: 0.002540 seconds.
  path: Assets/materials/maya materal maps/ship data/bumps_MaskMap.png
  artifactKey: Guid(6011a8b38680cba408468df236bb1fa5) Importer(815301076,1909f56bfc062723c751e8b465ee728b)
Start importing Assets/materials/maya materal maps/ship data/bumps_MaskMap.png using Guid(6011a8b38680cba408468df236bb1fa5) Importer(815301076,1909f56bfc062723c751e8b465ee728b)  -> (artifact id: '393c3614b2ac218c623adacdee06c029') in 0.022045 seconds
  Import took 0.024619 seconds .

========================================================================
Received Import Request.
  Time since last request: 4.850589 seconds.
  path: Assets/materials/maya materal maps/ship data/bumps_Normal.png
  artifactKey: Guid(dfb27de1ba2bc7a41b5f7c78e16a2f76) Importer(815301076,1909f56bfc062723c751e8b465ee728b)
Start importing Assets/materials/maya materal maps/ship data/bumps_Normal.png using Guid(dfb27de1ba2bc7a41b5f7c78e16a2f76) Importer(815301076,1909f56bfc062723c751e8b465ee728b)  -> (artifact id: '769a61675201ed2c81163e76884c2166') in 0.021876 seconds
  Import took 0.024224 seconds .

========================================================================
Received Import Request.
  Time since last request: 5.501284 seconds.
  path: Assets/materials/maya materal maps/ship data/dull_gray_metal_BaseMap.png
  artifactKey: Guid(12a9777ae25557b45b620cc986369d3b) Importer(815301076,1909f56bfc062723c751e8b465ee728b)
Start importing Assets/materials/maya materal maps/ship data/dull_gray_metal_BaseMap.png using Guid(12a9777ae25557b45b620cc986369d3b) Importer(815301076,1909f56bfc062723c751e8b465ee728b)  -> (artifact id: 'd38c649f1fcc80f661bf2f45525cc7fa') in 0.015180 seconds
  Import took 0.017587 seconds .

========================================================================
Received Import Request.
  Time since last request: 5.632723 seconds.
  path: Assets/materials/maya materal maps/ship data/dull_gray_metal_MaskMap.png
  artifactKey: Guid(bbba07f4b4694754c81c5a559218f5e4) Importer(815301076,1909f56bfc062723c751e8b465ee728b)
Start importing Assets/materials/maya materal maps/ship data/dull_gray_metal_MaskMap.png using Guid(bbba07f4b4694754c81c5a559218f5e4) Importer(815301076,1909f56bfc062723c751e8b465ee728b)  -> (artifact id: '0d62b7619d07d13144a45084ab74924f') in 0.021558 seconds
  Import took 0.023973 seconds .

========================================================================
Received Import Request.
  Time since last request: 6.213317 seconds.
  path: Assets/materials/maya materal maps/ship data/dull_gray_metal_Normal.png
  artifactKey: Guid(a0dc4da205f530b4f962ea5b1642f339) Importer(815301076,1909f56bfc062723c751e8b465ee728b)
Start importing Assets/materials/maya materal maps/ship data/dull_gray_metal_Normal.png using Guid(a0dc4da205f530b4f962ea5b1642f339) Importer(815301076,1909f56bfc062723c751e8b465ee728b)  -> (artifact id: '0194b29d02767d07485a370a39c00c68') in 0.012835 seconds
  Import took 0.015419 seconds .

========================================================================
Received Import Request.
  Time since last request: 5.376497 seconds.
  path: Assets/materials/maya materal maps/ship data/glass_BaseMap.png
  artifactKey: Guid(4d5a6108cecb30e46af7c42f2ff16178) Importer(815301076,1909f56bfc062723c751e8b465ee728b)
Start importing Assets/materials/maya materal maps/ship data/glass_BaseMap.png using Guid(4d5a6108cecb30e46af7c42f2ff16178) Importer(815301076,1909f56bfc062723c751e8b465ee728b)  -> (artifact id: 'd2f432cebb66b637bee0d149455463eb') in 0.022298 seconds
  Import took 0.024773 seconds .

========================================================================
Received Import Request.
  Time since last request: 6.052126 seconds.
  path: Assets/materials/maya materal maps/ship data/glass_MaskMap.png
  artifactKey: Guid(468a80517ba4513499494f53c7ce54b3) Importer(815301076,1909f56bfc062723c751e8b465ee728b)
Start importing Assets/materials/maya materal maps/ship data/glass_MaskMap.png using Guid(468a80517ba4513499494f53c7ce54b3) Importer(815301076,1909f56bfc062723c751e8b465ee728b)  -> (artifact id: '2da233238f7eb6835feceeec07176eb8') in 0.012049 seconds
  Import took 0.014377 seconds .

========================================================================
Received Import Request.
  Time since last request: 4.847443 seconds.
  path: Assets/materials/maya materal maps/ship data/glass_Normal.png
  artifactKey: Guid(aa7fccd6949b8eb4ba06e1d26221bf67) Importer(815301076,1909f56bfc062723c751e8b465ee728b)
Start importing Assets/materials/maya materal maps/ship data/glass_Normal.png using Guid(aa7fccd6949b8eb4ba06e1d26221bf67) Importer(815301076,1909f56bfc062723c751e8b465ee728b)  -> (artifact id: 'edc9f3e1351836fbec84d728f8abb2d7') in 0.015211 seconds
  Import took 0.017478 seconds .

========================================================================
Received Import Request.
  Time since last request: 5.840556 seconds.
  path: Assets/materials/maya materal maps/ship data/innerbits_BaseMap.png
  artifactKey: Guid(fabb1480b52049d4f87841de6e5ee2fc) Importer(815301076,1909f56bfc062723c751e8b465ee728b)
Start importing Assets/materials/maya materal maps/ship data/innerbits_BaseMap.png using Guid(fabb1480b52049d4f87841de6e5ee2fc) Importer(815301076,1909f56bfc062723c751e8b465ee728b)  -> (artifact id: '9e6deb72da6a1eb7418adfc3654706fb') in 0.018940 seconds
  Import took 0.021418 seconds .

========================================================================
Received Import Request.
  Time since last request: 10.948753 seconds.
  path: Assets/materials/maya materal maps/ship data/innerbits_MaskMap.png
  artifactKey: Guid(afed15c15e167ef4181c11f56f9e24cf) Importer(815301076,1909f56bfc062723c751e8b465ee728b)
Start importing Assets/materials/maya materal maps/ship data/innerbits_MaskMap.png using Guid(afed15c15e167ef4181c11f56f9e24cf) Importer(815301076,1909f56bfc062723c751e8b465ee728b)  -> (artifact id: '954347fd21aff5eccc919a94183bb97d') in 0.013262 seconds
  Import took 0.015476 seconds .

========================================================================
Received Import Request.
  Time since last request: 8.926701 seconds.
  path: Assets/materials/maya materal maps/ship data/innerbits_Normal.png
  artifactKey: Guid(e574f2f6ee94b684c9dcf238c14809cc) Importer(815301076,1909f56bfc062723c751e8b465ee728b)
Start importing Assets/materials/maya materal maps/ship data/innerbits_Normal.png using Guid(e574f2f6ee94b684c9dcf238c14809cc) Importer(815301076,1909f56bfc062723c751e8b465ee728b)  -> (artifact id: 'cafcb3dba3132342b7f850c4ed690244') in 0.014184 seconds
  Import took 0.016448 seconds .

========================================================================
Received Import Request.
  Time since last request: 5.493579 seconds.
  path: Assets/materials/maya materal maps/ship data/lambert1_BaseMap.png
  artifactKey: Guid(7109bc5a51979ca44832c3e92e3b51ca) Importer(815301076,1909f56bfc062723c751e8b465ee728b)
Start importing Assets/materials/maya materal maps/ship data/lambert1_BaseMap.png using Guid(7109bc5a51979ca44832c3e92e3b51ca) Importer(815301076,1909f56bfc062723c751e8b465ee728b)  -> (artifact id: '8fa14afa2a7270c1a8c21200b58d9848') in 0.020376 seconds
  Import took 0.022775 seconds .

========================================================================
Received Import Request.
  Time since last request: 20.723580 seconds.
  path: Assets/materials/maya materal maps/ship data/tailPipe_BaseMap.png
  artifactKey: Guid(57681e46bf8d2484e92f4556fd4439f7) Importer(815301076,1909f56bfc062723c751e8b465ee728b)
Start importing Assets/materials/maya materal maps/ship data/tailPipe_BaseMap.png using Guid(57681e46bf8d2484e92f4556fd4439f7) Importer(815301076,1909f56bfc062723c751e8b465ee728b)  -> (artifact id: '1bb750ab7defdc288bd295d0a3e4457f') in 0.013248 seconds
  Import took 0.015616 seconds .

========================================================================
Received Import Request.
  Time since last request: 5.643896 seconds.
  path: Assets/materials/maya materal maps/ship data/tailPipe_MaskMap.png
  artifactKey: Guid(aaa45cc2fe936b8458fccfcd0c98ce05) Importer(815301076,1909f56bfc062723c751e8b465ee728b)
Start importing Assets/materials/maya materal maps/ship data/tailPipe_MaskMap.png using Guid(aaa45cc2fe936b8458fccfcd0c98ce05) Importer(815301076,1909f56bfc062723c751e8b465ee728b)  -> (artifact id: 'ba39ec9636a8c601dfd0f83a79cb91c5') in 0.025295 seconds
  Import took 0.027721 seconds .

========================================================================
Received Import Request.
  Time since last request: 7.765981 seconds.
  path: Assets/materials/maya materal maps/ship data/tailPipe_Normal.png
  artifactKey: Guid(d9dfbc20f19ebbd45bc423ee573d4aad) Importer(815301076,1909f56bfc062723c751e8b465ee728b)
Start importing Assets/materials/maya materal maps/ship data/tailPipe_Normal.png using Guid(d9dfbc20f19ebbd45bc423ee573d4aad) Importer(815301076,1909f56bfc062723c751e8b465ee728b)  -> (artifact id: '157db7b565655ea6eab133660394e203') in 0.018890 seconds
  Import took 0.021295 seconds .

========================================================================
Received Import Request.
  Time since last request: 17.011940 seconds.
  path: Assets/shipFBX.mat
  artifactKey: Guid(389f278b6c6c4bb4c9b89bbeb6f27836) Importer(815301076,1909f56bfc062723c751e8b465ee728b)
Start importing Assets/shipFBX.mat using Guid(389f278b6c6c4bb4c9b89bbeb6f27836) Importer(815301076,1909f56bfc062723c751e8b465ee728b)  -> (artifact id: '0d4747a78ba8cf5e2a296e0ea26fb1bc') in 0.013551 seconds
  Import took 0.015854 seconds .

========================================================================
Received Import Request.
  Time since last request: 0.003574 seconds.
  path: Assets/shipFBX.mat
  artifactKey: Guid(389f278b6c6c4bb4c9b89bbeb6f27836) Importer(815301076,1909f56bfc062723c751e8b465ee728b)
Start importing Assets/shipFBX.mat using Guid(389f278b6c6c4bb4c9b89bbeb6f27836) Importer(815301076,1909f56bfc062723c751e8b465ee728b)  -> (artifact id: '0d4747a78ba8cf5e2a296e0ea26fb1bc') in 0.005772 seconds
  Import took 0.008169 seconds .

========================================================================
Received Import Request.
  Time since last request: 31.953623 seconds.
  path: Assets/shipFBX.fbx
  artifactKey: Guid(9b1fd36fe1095104a9e7ada14f0e1cb8) Importer(815301076,1909f56bfc062723c751e8b465ee728b)
Start importing Assets/shipFBX.fbx using Guid(9b1fd36fe1095104a9e7ada14f0e1cb8) Importer(815301076,1909f56bfc062723c751e8b465ee728b)  -> (artifact id: 'ffc7d99e1d162ddc276bac3a3c675777') in 0.215678 seconds
  Import took 0.218235 seconds .

========================================================================
Received Import Request.
  Time since last request: 25.702812 seconds.
  path: Assets/materials/blue_yellow.mat
  artifactKey: Guid(9f7d264ca5120364c88a6290a4f08bed) Importer(815301076,1909f56bfc062723c751e8b465ee728b)
Start importing Assets/materials/blue_yellow.mat using Guid(9f7d264ca5120364c88a6290a4f08bed) Importer(815301076,1909f56bfc062723c751e8b465ee728b)  -> (artifact id: '38e647e1d44c0a29b0d1399914610619') in 0.009228 seconds
  Import took 0.011504 seconds .

========================================================================
Received Import Request.
  Time since last request: 0.000219 seconds.
  path: Assets/materials/glass.mat
  artifactKey: Guid(4a8adbba03e597142a6b55f506fb874d) Importer(815301076,1909f56bfc062723c751e8b465ee728b)
Start importing Assets/materials/glass.mat using Guid(4a8adbba03e597142a6b55f506fb874d) Importer(815301076,1909f56bfc062723c751e8b465ee728b)  -> (artifact id: '6466973b24c14ab28e52019267a9b008') in 0.011463 seconds
  Import took 0.013440 seconds .

========================================================================
Received Import Request.
  Time since last request: 0.000181 seconds.
  path: Assets/materials/lambert1.mat
  artifactKey: Guid(b8d51ef94c762394dad34c5d5308ee84) Importer(815301076,1909f56bfc062723c751e8b465ee728b)
Start importing Assets/materials/lambert1.mat using Guid(b8d51ef94c762394dad34c5d5308ee84) Importer(815301076,1909f56bfc062723c751e8b465ee728b)  -> (artifact id: '5b8abf42bafe9b342898f322f01cdb4f') in 0.007263 seconds
  Import took 0.008925 seconds .

========================================================================
Received Import Request.
  Time since last request: 0.000167 seconds.
  path: Assets/materials/tailPipe.mat
  artifactKey: Guid(6cd4dd14fc960cd41aa8063d3cd465cc) Importer(815301076,1909f56bfc062723c751e8b465ee728b)
Start importing Assets/materials/tailPipe.mat using Guid(6cd4dd14fc960cd41aa8063d3cd465cc) Importer(815301076,1909f56bfc062723c751e8b465ee728b)  -> (artifact id: '3d993abd54bdef1850cf12176af43255') in 0.007299 seconds
  Import took 0.009018 seconds .

========================================================================
Received Import Request.
  Time since last request: 0.000206 seconds.
  path: Assets/materials/bumps.mat
  artifactKey: Guid(fc68c8923f9e6b2459dc8169a0412ce4) Importer(815301076,1909f56bfc062723c751e8b465ee728b)
Start importing Assets/materials/bumps.mat using Guid(fc68c8923f9e6b2459dc8169a0412ce4) Importer(815301076,1909f56bfc062723c751e8b465ee728b)  -> (artifact id: '32c0856a672efe8ddfe204f364f8096f') in 0.012732 seconds
  Import took 0.014560 seconds .

========================================================================
Received Import Request.
  Time since last request: 0.000190 seconds.
  path: Assets/materials/innerbits.mat
  artifactKey: Guid(f757803f96d69a04ab123b4d135079a9) Importer(815301076,1909f56bfc062723c751e8b465ee728b)
Start importing Assets/materials/innerbits.mat using Guid(f757803f96d69a04ab123b4d135079a9) Importer(815301076,1909f56bfc062723c751e8b465ee728b)  -> (artifact id: '36a650867335e644f743ece2b60c0591') in 0.010592 seconds
  Import took 0.012433 seconds .

========================================================================
Received Import Request.
  Time since last request: 0.000189 seconds.
  path: Assets/materials/dull_gray_metal.mat
  artifactKey: Guid(1f54ea6aee970144694f33d4c91dc5e5) Importer(815301076,1909f56bfc062723c751e8b465ee728b)
Start importing Assets/materials/dull_gray_metal.mat using Guid(1f54ea6aee970144694f33d4c91dc5e5) Importer(815301076,1909f56bfc062723c751e8b465ee728b)  -> (artifact id: 'b7bca7f08e795312266ad5f6ffe6e92b') in 0.008026 seconds
  Import took 0.009686 seconds .

========================================================================
Received Import Request.
  Time since last request: 181.864785 seconds.
  path: Assets/prefabs/shipFBX.prefab
  artifactKey: Guid(7f7aa2e52587dd547a1a1c80e3a2434d) Importer(815301076,1909f56bfc062723c751e8b465ee728b)
Start importing Assets/prefabs/shipFBX.prefab using Guid(7f7aa2e52587dd547a1a1c80e3a2434d) Importer(815301076,1909f56bfc062723c751e8b465ee728b)  -> (artifact id: 'a9a2fba4746ec34d348791efe473abb8') in 0.013191 seconds
  Import took 0.016006 seconds .

========================================================================
Received Import Request.
  Time since last request: 88.685599 seconds.
  path: Assets/materials/maya materal maps/ship data/blueYel_Normal.png
  artifactKey: Guid(de57da63e6c51e542a8b8d587eb60b9f) Importer(815301076,1909f56bfc062723c751e8b465ee728b)
Start importing Assets/materials/maya materal maps/ship data/blueYel_Normal.png using Guid(de57da63e6c51e542a8b8d587eb60b9f) Importer(815301076,1909f56bfc062723c751e8b465ee728b)  -> (artifact id: 'dc3e2496518e303bfa3f5912f684dacf') in 0.009288 seconds
  Import took 0.012148 seconds .

========================================================================
Received Import Request.
  Time since last request: 0.000320 seconds.
  path: Assets/materials/maya materal maps/ship data/bumps_Normal.png
  artifactKey: Guid(dfb27de1ba2bc7a41b5f7c78e16a2f76) Importer(815301076,1909f56bfc062723c751e8b465ee728b)
Start importing Assets/materials/maya materal maps/ship data/bumps_Normal.png using Guid(dfb27de1ba2bc7a41b5f7c78e16a2f76) Importer(815301076,1909f56bfc062723c751e8b465ee728b)  -> (artifact id: '62d817d7696a9d46179ae983194f9bb6') in 0.008172 seconds
  Import took 0.010224 seconds .

========================================================================
Received Import Request.
  Time since last request: 0.000212 seconds.
  path: Assets/materials/maya materal maps/ship data/blueYel_Normal.png
  artifactKey: Guid(de57da63e6c51e542a8b8d587eb60b9f) Importer(815301076,1909f56bfc062723c751e8b465ee728b)
Start importing Assets/materials/maya materal maps/ship data/blueYel_Normal.png using Guid(de57da63e6c51e542a8b8d587eb60b9f) Importer(815301076,1909f56bfc062723c751e8b465ee728b)  -> (artifact id: 'dc3e2496518e303bfa3f5912f684dacf') in 0.007066 seconds
  Import took 0.009092 seconds .

========================================================================
Received Import Request.
  Time since last request: 0.003505 seconds.
  path: Assets/materials/maya materal maps/ship data/bumps_Normal.png
  artifactKey: Guid(dfb27de1ba2bc7a41b5f7c78e16a2f76) Importer(815301076,1909f56bfc062723c751e8b465ee728b)
Start importing Assets/materials/maya materal maps/ship data/bumps_Normal.png using Guid(dfb27de1ba2bc7a41b5f7c78e16a2f76) Importer(815301076,1909f56bfc062723c751e8b465ee728b)  -> (artifact id: '62d817d7696a9d46179ae983194f9bb6') in 0.006821 seconds
  Import took 0.008676 seconds .

========================================================================
Received Import Request.
  Time since last request: 22.293303 seconds.
  path: Assets/materials/maya materal maps/ship data/dull_gray_metal_Normal.png
  artifactKey: Guid(a0dc4da205f530b4f962ea5b1642f339) Importer(815301076,1909f56bfc062723c751e8b465ee728b)
Start importing Assets/materials/maya materal maps/ship data/dull_gray_metal_Normal.png using Guid(a0dc4da205f530b4f962ea5b1642f339) Importer(815301076,1909f56bfc062723c751e8b465ee728b)  -> (artifact id: '07d67cc1ad500c7a8021b0bb121d6e8b') in 0.008431 seconds
  Import took 0.011011 seconds .

========================================================================
Received Import Request.
  Time since last request: 0.004580 seconds.
  path: Assets/materials/maya materal maps/ship data/dull_gray_metal_Normal.png
  artifactKey: Guid(a0dc4da205f530b4f962ea5b1642f339) Importer(815301076,1909f56bfc062723c751e8b465ee728b)
Start importing Assets/materials/maya materal maps/ship data/dull_gray_metal_Normal.png using Guid(a0dc4da205f530b4f962ea5b1642f339) Importer(815301076,1909f56bfc062723c751e8b465ee728b)  -> (artifact id: '07d67cc1ad500c7a8021b0bb121d6e8b') in 0.009626 seconds
  Import took 0.011839 seconds .

========================================================================
Received Import Request.
  Time since last request: 13.750282 seconds.
  path: Assets/materials/maya materal maps/ship data/glass_Normal.png
  artifactKey: Guid(aa7fccd6949b8eb4ba06e1d26221bf67) Importer(815301076,1909f56bfc062723c751e8b465ee728b)
Start importing Assets/materials/maya materal maps/ship data/glass_Normal.png using Guid(aa7fccd6949b8eb4ba06e1d26221bf67) Importer(815301076,1909f56bfc062723c751e8b465ee728b)  -> (artifact id: 'adf824feec79e12821f7465b6acf2c8d') in 0.010783 seconds
  Import took 0.013076 seconds .

========================================================================
Received Import Request.
  Time since last request: 0.011850 seconds.
  path: Assets/materials/maya materal maps/ship data/glass_Normal.png
  artifactKey: Guid(aa7fccd6949b8eb4ba06e1d26221bf67) Importer(815301076,1909f56bfc062723c751e8b465ee728b)
Start importing Assets/materials/maya materal maps/ship data/glass_Normal.png using Guid(aa7fccd6949b8eb4ba06e1d26221bf67) Importer(815301076,1909f56bfc062723c751e8b465ee728b)  -> (artifact id: 'adf824feec79e12821f7465b6acf2c8d') in 0.009191 seconds
  Import took 0.011875 seconds .

========================================================================
Received Import Request.
  Time since last request: 16.087334 seconds.
  path: Assets/materials/maya materal maps/ship data/innerbits_Normal.png
  artifactKey: Guid(e574f2f6ee94b684c9dcf238c14809cc) Importer(815301076,1909f56bfc062723c751e8b465ee728b)
Start importing Assets/materials/maya materal maps/ship data/innerbits_Normal.png using Guid(e574f2f6ee94b684c9dcf238c14809cc) Importer(815301076,1909f56bfc062723c751e8b465ee728b)  -> (artifact id: '9eb3d7a8c22e84fae9051ca105858c6d') in 0.012254 seconds
  Import took 0.014963 seconds .

========================================================================
Received Import Request.
  Time since last request: 0.001146 seconds.
  path: Assets/materials/maya materal maps/ship data/innerbits_Normal.png
  artifactKey: Guid(e574f2f6ee94b684c9dcf238c14809cc) Importer(815301076,1909f56bfc062723c751e8b465ee728b)
Start importing Assets/materials/maya materal maps/ship data/innerbits_Normal.png using Guid(e574f2f6ee94b684c9dcf238c14809cc) Importer(815301076,1909f56bfc062723c751e8b465ee728b)  -> (artifact id: '9eb3d7a8c22e84fae9051ca105858c6d') in 0.025711 seconds
  Import took 0.027918 seconds .

========================================================================
Received Import Request.
  Time since last request: 34.664453 seconds.
  path: Assets/materials/maya materal maps/ship data/tailPipe_Normal.png
  artifactKey: Guid(d9dfbc20f19ebbd45bc423ee573d4aad) Importer(815301076,1909f56bfc062723c751e8b465ee728b)
Start importing Assets/materials/maya materal maps/ship data/tailPipe_Normal.png using Guid(d9dfbc20f19ebbd45bc423ee573d4aad) Importer(815301076,1909f56bfc062723c751e8b465ee728b)  -> (artifact id: '95c0a9ae7d5dba5d7121e8c8a2826992') in 0.014559 seconds
  Import took 0.017257 seconds .

========================================================================
Received Import Request.
  Time since last request: 725.906524 seconds.
  path: Assets/materials/blue_yellow.mat
  artifactKey: Guid(9f7d264ca5120364c88a6290a4f08bed) Importer(815301076,1909f56bfc062723c751e8b465ee728b)
Start importing Assets/materials/blue_yellow.mat using Guid(9f7d264ca5120364c88a6290a4f08bed) Importer(815301076,1909f56bfc062723c751e8b465ee728b)  -> (artifact id: '284ccedf497d79b97082517433c219a7') in 0.011688 seconds
  Import took 0.014324 seconds .

========================================================================
Received Import Request.
  Time since last request: 0.000258 seconds.
  path: Assets/materials/lambert.mat
  artifactKey: Guid(f694648c62c20024e8ad130ec22303d3) Importer(815301076,1909f56bfc062723c751e8b465ee728b)
Start importing Assets/materials/lambert.mat using Guid(f694648c62c20024e8ad130ec22303d3) Importer(815301076,1909f56bfc062723c751e8b465ee728b)  -> (artifact id: 'ce7f73f5c09e50cad04ad3f9a2512f2d') in 0.005415 seconds
  Import took 0.007537 seconds .

========================================================================
Received Import Request.
  Time since last request: 0.000209 seconds.
  path: Assets/materials/glass.mat
  artifactKey: Guid(4a8adbba03e597142a6b55f506fb874d) Importer(815301076,1909f56bfc062723c751e8b465ee728b)
Start importing Assets/materials/glass.mat using Guid(4a8adbba03e597142a6b55f506fb874d) Importer(815301076,1909f56bfc062723c751e8b465ee728b)  -> (artifact id: 'a55536ee2c171cfc5ebfbf804b8aa839') in 0.017520 seconds
  Import took 0.019442 seconds .

========================================================================
Received Import Request.
  Time since last request: 0.000217 seconds.
  path: Assets/materials/tailPipe.mat
  artifactKey: Guid(6cd4dd14fc960cd41aa8063d3cd465cc) Importer(815301076,1909f56bfc062723c751e8b465ee728b)
Start importing Assets/materials/tailPipe.mat using Guid(6cd4dd14fc960cd41aa8063d3cd465cc) Importer(815301076,1909f56bfc062723c751e8b465ee728b)  -> (artifact id: 'a2992fca84343c3fc7be15f6889af751') in 0.011187 seconds
  Import took 0.013305 seconds .

========================================================================
Received Import Request.
  Time since last request: 0.000257 seconds.
  path: Assets/materials/bumps.mat
  artifactKey: Guid(fc68c8923f9e6b2459dc8169a0412ce4) Importer(815301076,1909f56bfc062723c751e8b465ee728b)
Start importing Assets/materials/bumps.mat using Guid(fc68c8923f9e6b2459dc8169a0412ce4) Importer(815301076,1909f56bfc062723c751e8b465ee728b)  -> (artifact id: 'a8c11554cfd405458455a391f036e63b') in 0.010363 seconds
  Import took 0.012585 seconds .

========================================================================
Received Import Request.
  Time since last request: 0.000208 seconds.
  path: Assets/materials/innerbits.mat
  artifactKey: Guid(f757803f96d69a04ab123b4d135079a9) Importer(815301076,1909f56bfc062723c751e8b465ee728b)
Start importing Assets/materials/innerbits.mat using Guid(f757803f96d69a04ab123b4d135079a9) Importer(815301076,1909f56bfc062723c751e8b465ee728b)  -> (artifact id: 'd8c1915fc0f5555f54532d8edfea6828') in 0.010030 seconds
  Import took 0.011896 seconds .

========================================================================
Received Import Request.
  Time since last request: 0.000243 seconds.
  path: Assets/materials/dull_gray_metal.mat
  artifactKey: Guid(1f54ea6aee970144694f33d4c91dc5e5) Importer(815301076,1909f56bfc062723c751e8b465ee728b)
Start importing Assets/materials/dull_gray_metal.mat using Guid(1f54ea6aee970144694f33d4c91dc5e5) Importer(815301076,1909f56bfc062723c751e8b465ee728b)  -> (artifact id: '3ee9b43b4a40575fe52b26e1648a75be') in 0.009986 seconds
  Import took 0.012219 seconds .

========================================================================
Received Prepare
Registering precompiled user dll's ...
Registered in 0.002051 seconds.
Begin MonoManager ReloadAssembly
Native extension for WindowsStandalone target not found
Refreshing native plugins compatible for Editor in 0.40 ms, found 0 plugins.
Preloading 0 native plugins for Editor in 0.00 ms.
Mono: successfully reloaded assembly
- Completed reload, in  0.619 seconds
Platform modules already initialized, skipping
Refreshing native plugins compatible for Editor in 0.33 ms, found 0 plugins.
Preloading 0 native plugins for Editor in 0.00 ms.
Unloading 1602 Unused Serialized files (Serialized files now loaded: 0)
System memory in use before: 76.2 MB.
System memory in use after: 76.4 MB.

Unloading 26 unused Assets to reduce memory usage. Loaded Objects now: 2095.
Total: 1.960100 ms (FindLiveObjects: 0.165100 ms CreateObjectMapping: 0.044100 ms MarkObjects: 1.735100 ms  DeleteObjects: 0.014900 ms)

AssetImportWorkerClient::OnTransportError - code=2 error=End of file
